This is pdfTeX, Version 3.1415926-2.5-1.40.14 (TeX Live 2013/W32TeX) (format=pdflatex 2014.5.9)  21 JUL 2014 21:51
entering extended mode
 restricted \write18 enabled.
 %&-line parsing enabled.
**main.tex
(./main.tex
LaTeX2e <2011/06/27>
Babel <3.9k> and hyphenation patterns for 78 languages loaded.
(./thesisTemplate.cls

LaTeX Warning: You have requested document class `thesisTemplate',
               but the document class provides `TesiDiaUniroma3'.

Document Class: TesiDiaUniroma3 2008/02/13 v1.0 Tesi - DIA-Uniroma3

(c:/Users/Damian/SDCard/Programs/texlive/2013/texmf-dist/tex/latex/memoir/memoi
r.cls
Document Class: memoir 2013/05/30 v3.7b configurable book, report, article docu
ment class
\onelineskip=\skip41
\lxvchars=\skip42
\xlvchars=\skip43
\@memcnta=\count79
\c@@memmarkcntra=\count80

(c:/Users/Damian/SDCard/Programs/texlive/2013/texmf-dist/tex/generic/oberdiek/i
fpdf.sty
Package: ifpdf 2011/01/30 v2.3 Provides the ifpdf switch (HO)
Package ifpdf Info: pdfTeX in PDF mode is detected.
)
(c:/Users/Damian/SDCard/Programs/texlive/2013/texmf-dist/tex/latex/ifetex/ifete
x.sty
Package: ifetex 2011/12/15 v1.2 ifetex

(c:/Users/Damian/SDCard/Programs/texlive/2013/texmf-dist/tex/plain/ifetex/ifete
x.tex))
(c:/Users/Damian/SDCard/Programs/texlive/2013/texmf-dist/tex/generic/ifxetex/if
xetex.sty
Package: ifxetex 2010/09/12 v0.6 Provides ifxetex conditional
)
(c:/Users/Damian/SDCard/Programs/texlive/2013/texmf-dist/tex/generic/oberdiek/i
fluatex.sty
Package: ifluatex 2010/03/01 v1.3 Provides the ifluatex switch (HO)
Package ifluatex Info: LuaTeX not detected.
)
\stockheight=\skip44
\stockwidth=\skip45
\trimtop=\skip46
\trimedge=\skip47

(c:/Users/Damian/SDCard/Programs/texlive/2013/texmf-dist/tex/latex/etex-pkg/ete
x.sty
Package: etex 1998/03/26 v2.0 eTeX basic definition package (PEB)
\et@xins=\count81
)
(c:/Users/Damian/SDCard/Programs/texlive/2013/texmf-dist/tex/latex/memoir/mem11
.clo
File: mem11.clo 2008/01/30 v0.3 memoir class 11pt size option
)
\binding=\skip48
\spinemargin=\skip49
\foremargin=\skip50
\uppermargin=\skip51
\lowermargin=\skip52
\headdrop=\skip53
\normalrulethickness=\skip54
\mem@maxheadheight=\skip55
\mem@maxfootheight=\skip56
\headwidth=\skip57
\c@storedpagenumber=\count82
\memPD=\dimen102
\m@mabparskip=\skip58
\thanksmarkwidth=\skip59
\thanksmarksep=\skip60
\droptitle=\skip61
\c@book=\count83
\c@part=\count84
\c@chapter=\count85
\c@section=\count86
\c@subsection=\count87
\c@subsubsection=\count88
\c@paragraph=\count89
\c@subparagraph=\count90
\beforechapskip=\skip62
\midchapskip=\skip63
\afterchapskip=\skip64
\chapindent=\skip65
\bottomsectionskip=\skip66
\secindent=\skip67
\beforesecskip=\skip68
\aftersecskip=\skip69
\subsecindent=\skip70
\beforesubsecskip=\skip71
\aftersubsecskip=\skip72
\subsubsecindent=\skip73
\beforesubsubsecskip=\skip74
\aftersubsubsecskip=\skip75
\paraindent=\skip76
\beforeparaskip=\skip77
\afterparaskip=\skip78
\subparaindent=\skip79
\beforesubparaskip=\skip80
\aftersubparaskip=\skip81
\pfbreakskip=\skip82
\c@@ppsavesec=\count91
\c@@ppsaveapp=\count92
\ragrparindent=\dimen103
\everylistparindent=\dimen104
\parsepi=\skip83
\topsepi=\skip84
\itemsepi=\skip85
\parsepii=\skip86
\topsepii=\skip87
\topsepiii=\skip88
\itemsepii=\skip89
\itemsepiii=\skip90
\partopsepii=\skip91
\partopsepiii=\skip92
\m@msavetopsep=\skip93
\m@msavepartopsep=\skip94
\@enLab=\toks14
\abstitleskip=\skip95
\absleftindent=\skip96
\abs@leftindent=\dimen105
\absrightindent=\skip97
\absparindent=\skip98
\absparsep=\skip99
\c@vslineno=\count93
\c@poemline=\count94
\c@modulo@vs=\count95
\c@memfvsline=\count96
\vleftskip=\skip100
\vrightskip=\skip101
\stanzaskip=\skip102
\versewidth=\skip103
\vgap=\skip104
\vindent=\skip105
\vleftmargin=\dimen106
\c@verse=\count97
\c@chrsinstr=\count98
\beforepoemtitleskip=\skip106
\afterpoemtitleskip=\skip107
\c@poem=\count99
\beforePoemTitleskip=\skip108
\midPoemTitleskip=\skip109
\afterPoemTitleskip=\skip110
\col@sep=\dimen107
\extrarowheight=\dimen108
\NC@list=\toks15
\extratabsurround=\skip111
\backup@length=\skip112
\TX@col@width=\dimen109
\TX@old@table=\dimen110
\TX@old@col=\dimen111
\TX@target=\dimen112
\TX@delta=\dimen113
\TX@cols=\count100
\TX@ftn=\toks16
\heavyrulewidth=\dimen114
\lightrulewidth=\dimen115
\cmidrulewidth=\dimen116
\belowrulesep=\dimen117
\belowbottomsep=\dimen118
\aboverulesep=\dimen119
\abovetopsep=\dimen120
\cmidrulesep=\dimen121
\cmidrulekern=\dimen122
\defaultaddspace=\dimen123
\@cmidla=\count101
\@cmidlb=\count102
\@aboverulesep=\dimen124
\@belowrulesep=\dimen125
\@thisruleclass=\count103
\@lastruleclass=\count104
\@thisrulewidth=\dimen126
\ctableftskip=\skip113
\ctabrightskip=\skip114
\abovecolumnspenalty=\count105
\@linestogo=\count106
\@cellstogo=\count107
\@cellsincolumn=\count108
\crtok=\toks17
\@mincolumnwidth=\dimen127
\c@newflo@tctr=\count109
\mem@margin@floatbox=\box26
\@contcwidth=\skip115
\@contindw=\skip116
\abovecaptionskip=\skip117
\belowcaptionskip=\skip118
\subfloattopskip=\skip119
\subfloatcapskip=\skip120
\subfloatcaptopadj=\skip121
\subfloatbottomskip=\skip122
\subfloatlabelskip=\skip123
\subfloatcapmargin=\dimen128
\c@@contsubnum=\count110
\m@mscap@capbox=\box27
\m@mscap@fbox=\box28
\sidecapsep=\dimen129
\sidecapwidth=\dimen130
\m@m@tempdima=\dimen131
\m@mscapraise=\dimen132
\sidecapraise=\dimen133
\m@mscapmainwidth=\dimen134
\m@mscaplkern=\dimen135
\beforeepigraphskip=\skip124
\afterepigraphskip=\skip125
\epigraphwidth=\skip126
\epigraphrule=\skip127
LaTeX Info: Redefining \em on input line 7492.
LaTeX Info: Redefining \emph on input line 7500.
\tocentryskip=\skip128
\tocbaseline=\skip129
\cftparskip=\skip130
\cftbeforebookskip=\skip131
\cftbookindent=\dimen136
\cftbooknumwidth=\dimen137
\cftbeforepartskip=\skip132
\cftpartindent=\skip133
\cftpartnumwidth=\skip134
\cftbeforechapterskip=\skip135
\cftchapterindent=\skip136
\cftchapternumwidth=\skip137
\cftbeforesectionskip=\skip138
\cftsectionindent=\skip139
\cftsectionnumwidth=\skip140
\cftbeforesubsectionskip=\skip141
\cftsubsectionindent=\skip142
\cftsubsectionnumwidth=\skip143
\cftbeforesubsubsectionskip=\skip144
\cftsubsubsectionindent=\skip145
\cftsubsubsectionnumwidth=\skip146
\cftbeforeparagraphskip=\skip147
\cftparagraphindent=\skip148
\cftparagraphnumwidth=\skip149
\cftbeforesubparagraphskip=\skip150
\cftsubparagraphindent=\skip151
\cftsubparagraphnumwidth=\skip152
\prechapterprecisshift=\dimen138
\c@maxsecnumdepth=\count111
\bibindent=\dimen139
\bibitemsep=\skip153
\indexcolsep=\skip154
\indexrule=\skip155
\indexmarkstyle=\toks18
\@indexbox=\insert233
\glossarycolsep=\dimen140
\glossaryrule=\dimen141
\sideparvshift=\skip156
\sideins=\insert232
\sidebartopsep=\skip157
\sidebarhsep=\skip158
\sidebarvsep=\skip159
\sidebarwidth=\skip160
\footmarkwidth=\skip161
\footmarksep=\skip162
\footparindent=\skip163
\footinsdim=\skip164
\footinsv@r=\insert231
\@mpfootinsv@r=\insert230
\m@m@k=\count112
\m@m@h=\dimen142
\m@mipn@skip=\skip165
\sidefootins=\insert229
\sidefootadjust=\skip166
\sidefootheight=\skip167
\sidefoothsep=\skip168
\sidefootvsep=\skip169
\sidefootwidth=\skip170
\m@mdownsf=\skip171
\c@sidefootnote=\count113
\sidefootmarkwidth=\skip172
\sidefootmarksep=\skip173
\sidefootparindent=\skip174
\c@pagenote=\count114
\c@pagenoteshadow=\count115
\mem@pn@lastkern=\skip175
\every@verbatim=\toks19
\afterevery@verbatim=\toks20
\verbatim@line=\toks21
\tab@position=\count116
\verbatim@in@stream=\read1
\verbatimindent=\skip176
\verbatim@out=\write3
\bvboxsep=\skip177
\c@memfbvline=\count117
\c@bvlinectr=\count118
\bvnumlength=\skip178
\fb@frw=\dimen143
\fb@frh=\dimen144
\FrameRule=\dimen145
\FrameSep=\dimen146
\c@cp@cntr=\count119
LaTeX Info: Redefining \: on input line 11958.
LaTeX Info: Redefining \! on input line 11960.
\c@ism@mctr=\count120
\c@xsm@mctr=\count121
\c@csm@mctr=\count122
\c@ksm@mctr=\count123
\c@xksm@mctr=\count124
\c@cksm@mctr=\count125
\c@msm@mctr=\count126
\c@xmsm@mctr=\count127
\c@cmsm@mctr=\count128
\c@bsm@mctr=\count129
\c@workm@mctr=\count130
\c@sheetsequence=\count131
\c@lastsheet=\count132
\c@lastpage=\count133
\c@figure=\count134
\c@lofdepth=\count135
\cftbeforefigureskip=\skip179
\cftfigureindent=\skip180
\cftfigurenumwidth=\skip181
\c@table=\count136
\c@lotdepth=\count137
\cftbeforetableskip=\skip182
\cfttableindent=\skip183
\cfttablenumwidth=\skip184
Package abstract [2008/07/23] emulated by memoir.
Package appendix [2008/07/23] emulated by memoir.
Package array [2008/09/09] emulated by memoir.
Package booktabs [2008/07/23] emulated by memoir.
Package ccaption [2008/07/23] emulated by memoir.
Package changepage [2008/07/23] emulated by memoir.
Package chngcntr [2008/07/23] emulated by memoir.
Package chngpage [2008/07/23] emulated by memoir.
Package crop emulated by memoir.
Package dcolumn [2008/07/23] emulated by memoir.
Package delarray [2008/07/23] emulated by memoir.
Package enumerate [2008/07/23] emulated by memoir.
Package epigraph [2008/07/23] emulated by memoir.
Package ifmtarg [2008/07/23] emulated by memoir.
Package index [2008/07/23] emulated by memoir.
Package makeidx [2008/07/23] emulated by memoir.
Package moreverb [2008/07/23] emulated by memoir.
Package mparhack [2008/07/23] emulated by memoir.
Package needspace [2008/07/23] emulated by memoir.
Package newfile [2008/07/23] emulated by memoir.
Package nextpage [2008/07/23] emulated by memoir.
Package pagenote [2008/07/23] emulated by memoir.
Package parskip [2008/07/23] emulated by memoir.
Package patchcmd [2008/07/23] emulated by memoir.
Package setspace [2008/07/23] emulated by memoir.
Package shortvrb [2008/07/23] emulated by memoir.
Package showidx [2008/07/23] emulated by memoir.
Package tabularx [2008/07/23] emulated by memoir.
Package titleref [2008/07/23] emulated by memoir.
Package titling [2008/07/23] emulated by memoir.
Package tocbibind [2008/07/23] emulated by memoir.
Package tocloft [2008/07/23] emulated by memoir.
Package tocvsec2 [2008/07/23] emulated by memoir.
Package verbatim [2008/07/23] emulated by memoir.
Package verse [2008/07/23] emulated by memoir.

(c:/Users/Damian/SDCard/Programs/texlive/2013/texmf-dist/tex/latex/memoir/mempa
tch.sty
Package: mempatch 2009/07/24 v6.0f Patches for memoir class v1.6180339
))
(c:/Users/Damian/SDCard/Programs/texlive/2013/texmf-dist/tex/generic/babel/babe
l.sty
Package: babel 2014/03/24 3.9k The Babel package

(c:/Users/Damian/SDCard/Programs/texlive/2013/texmf-dist/tex/generic/babel-engl
ish/english.ldf
Language: english 2012/08/20 v3.3p English support from the babel system

(c:/Users/Damian/SDCard/Programs/texlive/2013/texmf-dist/tex/generic/babel/babe
l.def
File: babel.def 2014/03/24 3.9k Babel common definitions
\babel@savecnt=\count138
\U@D=\dimen147
)
\l@canadian = a dialect from \language\l@american 
\l@australian = a dialect from \language\l@british 
\l@newzealand = a dialect from \language\l@british 
))
(c:/Users/Damian/SDCard/Programs/texlive/2013/texmf-dist/tex/latex/graphics/gra
phicx.sty
Package: graphicx 1999/02/16 v1.0f Enhanced LaTeX Graphics (DPC,SPQR)

(c:/Users/Damian/SDCard/Programs/texlive/2013/texmf-dist/tex/latex/graphics/key
val.sty
Package: keyval 1999/03/16 v1.13 key=value parser (DPC)
\KV@toks@=\toks22
)
(c:/Users/Damian/SDCard/Programs/texlive/2013/texmf-dist/tex/latex/graphics/gra
phics.sty
Package: graphics 2009/02/05 v1.0o Standard LaTeX Graphics (DPC,SPQR)

(c:/Users/Damian/SDCard/Programs/texlive/2013/texmf-dist/tex/latex/graphics/tri
g.sty
Package: trig 1999/03/16 v1.09 sin cos tan (DPC)
)
(c:/Users/Damian/SDCard/Programs/texlive/2013/texmf-dist/tex/latex/latexconfig/
graphics.cfg
File: graphics.cfg 2010/04/23 v1.9 graphics configuration of TeX Live
)
Package graphics Info: Driver file: pdftex.def on input line 91.

(c:/Users/Damian/SDCard/Programs/texlive/2013/texmf-dist/tex/latex/pdftex-def/p
dftex.def
File: pdftex.def 2011/05/27 v0.06d Graphics/color for pdfTeX

(c:/Users/Damian/SDCard/Programs/texlive/2013/texmf-dist/tex/generic/oberdiek/i
nfwarerr.sty
Package: infwarerr 2010/04/08 v1.3 Providing info/warning/error messages (HO)
)
(c:/Users/Damian/SDCard/Programs/texlive/2013/texmf-dist/tex/generic/oberdiek/l
txcmds.sty
Package: ltxcmds 2011/11/09 v1.22 LaTeX kernel commands for general use (HO)
)
\Gread@gobject=\count139
))
\Gin@req@height=\dimen148
\Gin@req@width=\dimen149
)
(c:/Users/Damian/SDCard/Programs/texlive/2013/texmf-dist/tex/latex/base/fontenc
.sty
Package: fontenc 2005/09/27 v1.99g Standard LaTeX package

(c:/Users/Damian/SDCard/Programs/texlive/2013/texmf-dist/tex/latex/base/t1enc.d
ef
File: t1enc.def 2005/09/27 v1.99g Standard LaTeX file
LaTeX Font Info:    Redeclaring font encoding T1 on input line 43.
))
(c:/Users/Damian/SDCard/Programs/texlive/2013/texmf-dist/tex/latex/fancyhdr/fan
cyhdr.sty
\fancy@headwidth=\skip185
\f@ncyO@elh=\skip186
\f@ncyO@erh=\skip187
\f@ncyO@olh=\skip188
\f@ncyO@orh=\skip189
\f@ncyO@elf=\skip190
\f@ncyO@erf=\skip191
\f@ncyO@olf=\skip192
\f@ncyO@orf=\skip193
))
(c:/Users/Damian/SDCard/Programs/texlive/2013/texmf-dist/tex/latex/caption/subc
aption.sty
Package: subcaption 2013/02/03 v1.1-62 Sub-captions (AR)


Class memoir Warning: You are using the caption package with the memoir class. 
To prepare we will now reset all captioning macros and configurations to kernel
 defaults, and then let the caption package take over. Please remember to use t
he caption package interfaces in order to configure your captions. .


(c:/Users/Damian/SDCard/Programs/texlive/2013/texmf-dist/tex/latex/caption/capt
ion.sty
Package: caption 2013/05/02 v3.3-89 Customizing captions (AR)

(c:/Users/Damian/SDCard/Programs/texlive/2013/texmf-dist/tex/latex/caption/capt
ion3.sty
Package: caption3 2013/05/02 v1.6-88 caption3 kernel (AR)
Package caption3 Info: TeX engine: e-TeX on input line 57.
\captionmargin=\dimen150
\captionmargin@=\dimen151
\captionwidth=\dimen152
\caption@tempdima=\dimen153
\caption@indent=\dimen154
\caption@parindent=\dimen155
\caption@hangindent=\dimen156
)
\c@ContinuedFloat=\count140
)
\c@subfigure=\count141
\c@subtable=\count142
)
(c:/Users/Damian/SDCard/Programs/texlive/2013/texmf-dist/tex/latex/wrapfig/wrap
fig.sty
\wrapoverhang=\dimen157
\WF@size=\dimen158
\c@WF@wrappedlines=\count143
\WF@box=\box29
\WF@everypar=\toks23
Package: wrapfig 2003/01/31  v 3.6
)
(c:/Users/Damian/SDCard/Programs/texlive/2013/texmf-dist/tex/latex/cite/cite.st
y
LaTeX Info: Redefining \cite on input line 302.
LaTeX Info: Redefining \nocite on input line 373.
Package: cite 2010/09/10  v 5.3
)
(c:/Users/Damian/SDCard/Programs/texlive/2013/texmf-dist/tex/latex/base/inputen
c.sty
Package: inputenc 2008/03/30 v1.1d Input encoding file
\inpenc@prehook=\toks24
\inpenc@posthook=\toks25

(c:/Users/Damian/SDCard/Programs/texlive/2013/texmf-dist/tex/latex/ucs/utf8x.de
f
File: utf8x.def 2004/10/17 UCS: Input encoding UTF-8
))
(c:/Users/Damian/SDCard/Programs/texlive/2013/texmf-dist/tex/latex/ucs/ucs.sty
Package: ucs 2013/05/11 v2.2 UCS: Unicode input support

(c:/Users/Damian/SDCard/Programs/texlive/2013/texmf-dist/tex/latex/ucs/data/uni
-global.def
File: uni-global.def 2013/05/13 UCS: Unicode global data
)
\uc@secondtry=\count144
\uc@combtoks=\toks26
\uc@combtoksb=\toks27
\uc@temptokena=\toks28
)
(c:/Users/Damian/SDCard/Programs/texlive/2013/texmf-dist/tex/latex/url/url.sty
\Urlmuskip=\muskip10
Package: url 2013/09/16  ver 3.4  Verb mode for urls, etc.
)
(c:/Users/Damian/SDCard/Programs/texlive/2013/texmf-dist/tex/latex/listings/lis
tings.sty
\lst@mode=\count145
\lst@gtempboxa=\box30
\lst@token=\toks29
\lst@length=\count146
\lst@currlwidth=\dimen159
\lst@column=\count147
\lst@pos=\count148
\lst@lostspace=\dimen160
\lst@width=\dimen161
\lst@newlines=\count149
\lst@lineno=\count150
\lst@maxwidth=\dimen162

(c:/Users/Damian/SDCard/Programs/texlive/2013/texmf-dist/tex/latex/listings/lst
misc.sty
File: lstmisc.sty 2014/03/04 1.5c (Carsten Heinz)
\c@lstnumber=\count151
\lst@skipnumbers=\count152
\lst@framebox=\box31
)
(c:/Users/Damian/SDCard/Programs/texlive/2013/texmf-dist/tex/latex/listings/lis
tings.cfg
File: listings.cfg 2014/03/04 1.5c listings configuration
))
Package: listings 2014/03/04 1.5c (Carsten Heinz)

(c:/Users/Damian/SDCard/Programs/texlive/2013/texmf-dist/tex/latex/graphics/col
or.sty
Package: color 2005/11/14 v1.0j Standard LaTeX Color (DPC)

(c:/Users/Damian/SDCard/Programs/texlive/2013/texmf-dist/tex/latex/latexconfig/
color.cfg
File: color.cfg 2007/01/18 v1.5 color configuration of teTeX/TeXLive
)
Package color Info: Driver file: pdftex.def on input line 130.
)

LaTeX Warning: Unused global option(s):
    [italian].

(./main.aux

LaTeX Warning: Label `overflow' multiply defined.


LaTeX Warning: Label `overflow' multiply defined.


LaTeX Warning: Label `overflow' multiply defined.


LaTeX Warning: Label `overflow' multiply defined.


LaTeX Warning: Label `overflow' multiply defined.

)
\openout1 = `main.aux'.

LaTeX Font Info:    Checking defaults for OML/cmm/m/it on input line 90.
LaTeX Font Info:    ... okay on input line 90.
LaTeX Font Info:    Checking defaults for T1/cmr/m/n on input line 90.
LaTeX Font Info:    ... okay on input line 90.
LaTeX Font Info:    Checking defaults for OT1/cmr/m/n on input line 90.
LaTeX Font Info:    ... okay on input line 90.
LaTeX Font Info:    Checking defaults for OMS/cmsy/m/n on input line 90.
LaTeX Font Info:    ... okay on input line 90.
LaTeX Font Info:    Checking defaults for OMX/cmex/m/n on input line 90.
LaTeX Font Info:    ... okay on input line 90.
LaTeX Font Info:    Checking defaults for U/cmr/m/n on input line 90.
LaTeX Font Info:    ... okay on input line 90.

(c:/Users/Damian/SDCard/Programs/texlive/2013/texmf-dist/tex/context/base/supp-
pdf.mkii
[Loading MPS to PDF converter (version 2006.09.02).]
\scratchcounter=\count153
\scratchdimen=\dimen163
\scratchbox=\box32
\nofMPsegments=\count154
\nofMParguments=\count155
\everyMPshowfont=\toks30
\MPscratchCnt=\count156
\MPscratchDim=\dimen164
\MPnumerator=\count157
\makeMPintoPDFobject=\count158
\everyMPtoPDFconversion=\toks31
)
(c:/Users/Damian/SDCard/Programs/texlive/2013/texmf-dist/tex/generic/oberdiek/p
dftexcmds.sty
Package: pdftexcmds 2011/11/29 v0.20 Utility functions of pdfTeX for LuaTeX (HO
)
Package pdftexcmds Info: LuaTeX not detected.
Package pdftexcmds Info: \pdf@primitive is available.
Package pdftexcmds Info: \pdf@ifprimitive is available.
Package pdftexcmds Info: \pdfdraftmode found.
)
(c:/Users/Damian/SDCard/Programs/texlive/2013/texmf-dist/tex/latex/oberdiek/eps
topdf-base.sty
Package: epstopdf-base 2010/02/09 v2.5 Base part for package epstopdf

(c:/Users/Damian/SDCard/Programs/texlive/2013/texmf-dist/tex/latex/oberdiek/grf
ext.sty
Package: grfext 2010/08/19 v1.1 Manage graphics extensions (HO)

(c:/Users/Damian/SDCard/Programs/texlive/2013/texmf-dist/tex/generic/oberdiek/k
vdefinekeys.sty
Package: kvdefinekeys 2011/04/07 v1.3 Define keys (HO)
))
(c:/Users/Damian/SDCard/Programs/texlive/2013/texmf-dist/tex/latex/oberdiek/kvo
ptions.sty
Package: kvoptions 2011/06/30 v3.11 Key value format for package options (HO)

(c:/Users/Damian/SDCard/Programs/texlive/2013/texmf-dist/tex/generic/oberdiek/k
vsetkeys.sty
Package: kvsetkeys 2012/04/25 v1.16 Key value parser (HO)

(c:/Users/Damian/SDCard/Programs/texlive/2013/texmf-dist/tex/generic/oberdiek/e
texcmds.sty
Package: etexcmds 2011/02/16 v1.5 Avoid name clashes with e-TeX commands (HO)
Package etexcmds Info: Could not find \expanded.
(etexcmds)             That can mean that you are not using pdfTeX 1.50 or
(etexcmds)             that some package has redefined \expanded.
(etexcmds)             In the latter case, load this package earlier.
)))
Package grfext Info: Graphics extension search list:
(grfext)             [.png,.pdf,.jpg,.mps,.jpeg,.jbig2,.jb2,.PNG,.PDF,.JPG,.JPE
G,.JBIG2,.JB2,.eps]
(grfext)             \AppendGraphicsExtensions on input line 452.

(c:/Users/Damian/SDCard/Programs/texlive/2013/texmf-dist/tex/latex/latexconfig/
epstopdf-sys.cfg
File: epstopdf-sys.cfg 2010/07/13 v1.3 Configuration of (r)epstopdf for TeX Liv
e
))
Package caption Info: Begin \AtBeginDocument code.
Package caption Info: listings package is loaded.
Package caption Info: wrapfig package is loaded.
Package caption Info: End \AtBeginDocument code.

(c:/Users/Damian/SDCard/Programs/texlive/2013/texmf-dist/tex/latex/ucs/ucsencs.
def
File: ucsencs.def 2011/01/21 Fixes to fontencodings LGR, T3
)
\c@lstlisting=\count159
 <images/uniroma3-logo.pdf, id=1, 196.735pt x 109.40875pt>
File: images/uniroma3-logo.pdf Graphic file (type pdf)

<use images/uniroma3-logo.pdf>
Package pdftex.def Info: images/uniroma3-logo.pdf used on input line 93.
(pdftex.def)             Requested size: 165.02347pt x 91.77249pt.
 [1


{c:/Users/Damian/SDCard/Programs/texlive/2013/texmf-var/fonts/map/pdftex/updmap
/pdftex.map} <./images/uniroma3-logo.pdf>]
(./chapter-0.tex
(c:/Users/Damian/SDCard/Programs/texlive/2013/texmf-dist/tex/latex/ucs/data/uni
-32.def
File: uni-32.def 2013/05/13 UCS: Unicode data U+2000..U+20FF
)
Underfull \hbox (badness 10000) in paragraph at lines 1--10

 []


Underfull \hbox (badness 10000) in paragraph at lines 1--10

 []


Underfull \hbox (badness 10000) in paragraph at lines 1--10

 []


Underfull \hbox (badness 10000) in paragraph at lines 1--10

 []

[1


] <../Images/DNA_double_helix.png, id=31, 311.1625pt x 301.125pt>
File: ../Images/DNA_double_helix.png Graphic file (type png)

<use ../Images/DNA_double_helix.png>
Package pdftex.def Info: ../Images/DNA_double_helix.png used on input line 13.
(pdftex.def)             Requested size: 256.0748pt x 247.81548pt.
)
Underfull \hbox (badness 10000) in paragraph at lines 18--104

 []


Underfull \hbox (badness 10000) in paragraph at lines 18--104

 []


Underfull \hbox (badness 10000) in paragraph at lines 18--104

 []

[2 <../Images/DNA_double_helix.png>] (./chapter-1.tex
Underfull \hbox (badness 10000) in paragraph at lines 1--4

 []

LaTeX Font Info:    Try loading font information for OMS+cmr on input line 6.

(c:/Users/Damian/SDCard/Programs/texlive/2013/texmf-dist/tex/latex/base/omscmr.
fd
File: omscmr.fd 1999/05/25 v2.5h Standard LaTeX font definitions
)
LaTeX Font Info:    Font shape `OMS/cmr/m/n' in size <10.95> not available
(Font)              Font shape `OMS/cmsy/m/n' tried instead on input line 6.
 [3

] <../Images/SNP_example.png, id=41, 417.56pt x 522.95375pt>
File: ../Images/SNP_example.png Graphic file (type png)

<use ../Images/SNP_example.png>
Package pdftex.def Info: ../Images/SNP_example.png used on input line 26.
(pdftex.def)             Requested size: 170.71652pt x 213.80597pt.

Underfull \hbox (badness 10000) in paragraph at lines 35--44

 []


Underfull \hbox (badness 10000) in paragraph at lines 35--44

 []


Underfull \hbox (badness 10000) in paragraph at lines 35--44

 []


Underfull \hbox (badness 10000) in paragraph at lines 35--44

 []

[4 <../Images/SNP_example.png>]
LaTeX Font Info:    External font `cmex10' loaded for size
(Font)              <10.95> on input line 45.
LaTeX Font Info:    External font `cmex10' loaded for size
(Font)              <8> on input line 45.
LaTeX Font Info:    External font `cmex10' loaded for size
(Font)              <6> on input line 45.
 [5] [6]
Underfull \hbox (badness 10000) in paragraph at lines 88--97

 []


Underfull \hbox (badness 10000) in paragraph at lines 88--97

 []


Underfull \hbox (badness 10000) in paragraph at lines 88--97

 []


Underfull \hbox (badness 10000) in paragraph at lines 88--97

 []


Underfull \hbox (badness 10000) in paragraph at lines 88--97

 []

[7]
Underfull \hbox (badness 10000) in paragraph at lines 144--147

 []


Underfull \hbox (badness 10000) in paragraph at lines 194--197

 []

[8]) [9] (./chapter-2.tex
Underfull \hbox (badness 10000) in paragraph at lines 1--7

 []


Underfull \hbox (badness 10000) in paragraph at lines 1--7

 []


Underfull \hbox (badness 10000) in paragraph at lines 1--7

 []

[10

] <../Images/DNASequencing_history.png, id=66, 517.18219pt x 443.40656pt>
File: ../Images/DNASequencing_history.png Graphic file (type png)

<use ../Images/DNASequencing_history.png>
Package pdftex.def Info: ../Images/DNASequencing_history.png used on input line
 18.
(pdftex.def)             Requested size: 426.79134pt x 365.92317pt.

Overfull \hbox (14.22636pt too wide) in paragraph at lines 18--20
 [][] 
 []

[11 <../Images/DNASequencing_history.png>]
Underfull \hbox (badness 10000) in paragraph at lines 35--44

 []


Underfull \hbox (badness 10000) in paragraph at lines 35--44

 []


Underfull \hbox (badness 10000) in paragraph at lines 35--44

 []


Underfull \hbox (badness 10000) in paragraph at lines 35--44

 []


Underfull \hbox (badness 10000) in paragraph at lines 35--44

 []

<../Images/RobertWHolley.jpg, id=70, 220.825pt x 312.16624pt>
File: ../Images/RobertWHolley.jpg Graphic file (type jpg)

<use ../Images/RobertWHolley.jpg>
Package pdftex.def Info: ../Images/RobertWHolley.jpg used on input line 49.
(pdftex.def)             Requested size: 82.51173pt x 116.64288pt.

Underfull \hbox (badness 10000) in paragraph at lines 53--56

 []

[12 <../Images/RobertWHolley.jpg>]
Underfull \hbox (badness 10000) in paragraph at lines 67--73

 []


Underfull \hbox (badness 10000) in paragraph at lines 67--73

 []


Underfull \hbox (badness 10000) in paragraph at lines 67--73

 []

<../Images/NowadaysSequencing.png, id=75, 676.77844pt x 432.86719pt>
File: ../Images/NowadaysSequencing.png Graphic file (type png)

<use ../Images/NowadaysSequencing.png>
Package pdftex.def Info: ../Images/NowadaysSequencing.png used on input line 78
.
(pdftex.def)             Requested size: 426.79134pt x 272.98517pt.

Overfull \hbox (14.22636pt too wide) in paragraph at lines 78--80
 [][] 
 []

[13]
Underfull \hbox (badness 10000) in paragraph at lines 83--90

 []


Underfull \hbox (badness 10000) in paragraph at lines 83--90

 []


Underfull \hbox (badness 10000) in paragraph at lines 83--90

 []

<../Images/NGSworkflowCommented.png, id=79, 676.77844pt x 434.37282pt>
File: ../Images/NGSworkflowCommented.png Graphic file (type png)

<use ../Images/NGSworkflowCommented.png>
Package pdftex.def Info: ../Images/NGSworkflowCommented.png used on input line 
93.
(pdftex.def)             Requested size: 426.79134pt x 273.9347pt.

Overfull \hbox (14.22636pt too wide) in paragraph at lines 93--95
 [][] 
 []

[14 <../Images/NowadaysSequencing.png>]
Underfull \hbox (badness 10000) in paragraph at lines 100--114

 []


Underfull \hbox (badness 10000) in paragraph at lines 100--114

 []


Underfull \hbox (badness 10000) in paragraph at lines 100--114

 []


Underfull \hbox (badness 10000) in paragraph at lines 100--114

 []


Underfull \hbox (badness 10000) in paragraph at lines 100--114

 []

[15 <../Images/NGSworkflowCommented.png>] [16]
Underfull \hbox (badness 10000) in paragraph at lines 121--128

 []


Underfull \hbox (badness 10000) in paragraph at lines 121--128

 []

LaTeX Font Info:    External font `cmex10' loaded for size
(Font)              <9> on input line 132.
LaTeX Font Info:    External font `cmex10' loaded for size
(Font)              <5> on input line 132.
LaTeX Font Info:    Font shape `OMS/cmr/m/n' in size <9> not available
(Font)              Font shape `OMS/cmsy/m/n' tried instead on input line 135.
[17]) [18] (./main.aux)

LaTeX Warning: There were multiply-defined labels.

 ) 
Here is how much of TeX's memory you used:
 9273 strings out of 493308
 133553 string characters out of 6128492
 237693 words of memory out of 5000000
 12613 multiletter control sequences out of 15000+600000
 18012 words of font info for 40 fonts, out of 8000000 for 9000
 957 hyphenation exceptions out of 8191
 45i,11n,45p,1037b,1129s stack positions out of 5000i,500n,10000p,200000b,80000s
{c:/Users/Damian/SDCard/Programs/texlive/2013/texmf-dist/fonts/enc/dvips/cm-s
uper/cm-super-t1.enc}<c:/Users/Damian/SDCard/Programs/texlive/2013/texmf-dist/f
onts/type1/public/amsfonts/cm/cmsy10.pfb><c:/Users/Damian/SDCard/Programs/texli
ve/2013/texmf-dist/fonts/type1/public/amsfonts/cm/cmsy9.pfb><c:/Users/Damian/SD
Card/Programs/texlive/2013/texmf-dist/fonts/type1/public/cm-super/sfbx1095.pfb>
<c:/Users/Damian/SDCard/Programs/texlive/2013/texmf-dist/fonts/type1/public/cm-
super/sfbx1200.pfb><c:/Users/Damian/SDCard/Programs/texlive/2013/texmf-dist/fon
ts/type1/public/cm-super/sfbx1440.pfb><c:/Users/Damian/SDCard/Programs/texlive/
2013/texmf-dist/fonts/type1/public/cm-super/sfbx2074.pfb><c:/Users/Damian/SDCar
d/Programs/texlive/2013/texmf-dist/fonts/type1/public/cm-super/sfbx2488.pfb><c:
/Users/Damian/SDCard/Programs/texlive/2013/texmf-dist/fonts/type1/public/cm-sup
er/sfrm0700.pfb><c:/Users/Damian/SDCard/Programs/texlive/2013/texmf-dist/fonts/
type1/public/cm-super/sfrm0900.pfb><c:/Users/Damian/SDCard/Programs/texlive/201
3/texmf-dist/fonts/type1/public/cm-super/sfrm1095.pfb><c:/Users/Damian/SDCard/P
rograms/texlive/2013/texmf-dist/fonts/type1/public/cm-super/sfrm1200.pfb><c:/Us
ers/Damian/SDCard/Programs/texlive/2013/texmf-dist/fonts/type1/public/cm-super/
sfrm1440.pfb><c:/Users/Damian/SDCard/Programs/texlive/2013/texmf-dist/fonts/typ
e1/public/cm-super/sfrm1728.pfb><c:/Users/Damian/SDCard/Programs/texlive/2013/t
exmf-dist/fonts/type1/public/cm-super/sfrm2488.pfb><c:/Users/Damian/SDCard/Prog
rams/texlive/2013/texmf-dist/fonts/type1/public/cm-super/sfti1095.pfb>
Output written on main.pdf (19 pages, 653845 bytes).
PDF statistics:
 149 PDF objects out of 1000 (max. 8388607)
 100 compressed objects within 1 object stream
 0 named destinations out of 1000 (max. 500000)
 36 words of extra memory for PDF output out of 10000 (max. 10000000)

