0 info it worked if it ends with ok
1 verbose cli [ 'c:\\Users\\Damian\\SDCard\\Programs\\nodejs\\node.exe',
1 verbose cli   'c:\\Users\\Damian\\SDCard\\Programs\\nodejs\\node_modules\\npm\\bin\\npm-cli.js',
1 verbose cli   'install',
1 verbose cli   'nggrid' ]
2 info using npm@1.4.9
3 info using node@v0.10.28
4 warn package.json mean-connect-mongo@0.4.3 No repository field.
5 verbose readDependencies using package.json deps
6 verbose cache add [ 'nggrid', null ]
7 verbose cache add name=undefined spec="nggrid" args=["nggrid",null]
8 verbose parsed url { protocol: null,
8 verbose parsed url   slashes: null,
8 verbose parsed url   auth: null,
8 verbose parsed url   host: null,
8 verbose parsed url   port: null,
8 verbose parsed url   hostname: null,
8 verbose parsed url   hash: null,
8 verbose parsed url   search: null,
8 verbose parsed url   query: null,
8 verbose parsed url   pathname: 'nggrid',
8 verbose parsed url   path: 'nggrid',
8 verbose parsed url   href: 'nggrid' }
9 silly lockFile 66802157-nggrid nggrid
10 verbose lock nggrid C:\Users\Damian\AppData\Roaming\npm-cache\66802157-nggrid.lock
11 silly lockFile 66802157-nggrid nggrid
12 silly lockFile 66802157-nggrid nggrid
13 verbose addNamed [ 'nggrid', '' ]
14 verbose addNamed [ null, '*' ]
15 silly lockFile 414c3737-nggrid nggrid@
16 verbose lock nggrid@ C:\Users\Damian\AppData\Roaming\npm-cache\414c3737-nggrid.lock
17 silly addNameRange { name: 'nggrid', range: '*', hasData: false }
18 verbose url raw nggrid
19 verbose url resolving [ 'https://registry.npmjs.org/', './nggrid' ]
20 verbose url resolved https://registry.npmjs.org/nggrid
21 info trying registry request attempt 1 at 23:57:03
22 http GET https://registry.npmjs.org/nggrid
23 http 404 https://registry.npmjs.org/nggrid
24 verbose headers { date: 'Thu, 24 Jul 2014 21:57:20 GMT',
24 verbose headers   server: 'CouchDB/1.5.0 (Erlang OTP/R16B03)',
24 verbose headers   'content-type': 'application/json',
24 verbose headers   'cache-control': 'max-age=0',
24 verbose headers   'content-length': '52',
24 verbose headers   'accept-ranges': 'bytes',
24 verbose headers   via: '1.1 varnish',
24 verbose headers   age: '0',
24 verbose headers   'x-served-by': 'cache-fra1224-FRA',
24 verbose headers   'x-cache': 'MISS',
24 verbose headers   'x-cache-hits': '0',
24 verbose headers   'x-timer': 'S1406239040.456572,VS0,VE430',
24 verbose headers   'keep-alive': 'timeout=10, max=50',
24 verbose headers   connection: 'Keep-Alive' }
25 silly registry.get cb [ 404,
25 silly registry.get   { date: 'Thu, 24 Jul 2014 21:57:20 GMT',
25 silly registry.get     server: 'CouchDB/1.5.0 (Erlang OTP/R16B03)',
25 silly registry.get     'content-type': 'application/json',
25 silly registry.get     'cache-control': 'max-age=0',
25 silly registry.get     'content-length': '52',
25 silly registry.get     'accept-ranges': 'bytes',
25 silly registry.get     via: '1.1 varnish',
25 silly registry.get     age: '0',
25 silly registry.get     'x-served-by': 'cache-fra1224-FRA',
25 silly registry.get     'x-cache': 'MISS',
25 silly registry.get     'x-cache-hits': '0',
25 silly registry.get     'x-timer': 'S1406239040.456572,VS0,VE430',
25 silly registry.get     'keep-alive': 'timeout=10, max=50',
25 silly registry.get     connection: 'Keep-Alive' } ]
26 silly lockFile 414c3737-nggrid nggrid@
27 silly lockFile 414c3737-nggrid nggrid@
28 error 404 404 Not Found: nggrid
28 error 404
28 error 404 'nggrid' is not in the npm registry.
28 error 404 You should bug the author to publish it
28 error 404 It was specified as a dependency of 'mean'
28 error 404
28 error 404 Note that you can also install from a
28 error 404 tarball, folder, or http url, or git url.
29 error System Windows_NT 6.2.9200
30 error command "c:\\Users\\Damian\\SDCard\\Programs\\nodejs\\node.exe" "c:\\Users\\Damian\\SDCard\\Programs\\nodejs\\node_modules\\npm\\bin\\npm-cli.js" "install" "nggrid"
31 error cwd c:\Users\Damian\Desktop\web-snp
32 error node -v v0.10.28
33 error npm -v 1.4.9
34 error code E404
35 verbose exit [ 1, true ]
